2025-10-13 01:26:09,245 - INFO - Audio Preprocessor initialized
2025-10-13 01:26:09,245 - INFO - Target sample rate: 16000 Hz
2025-10-13 01:26:09,245 - INFO - Output directory: processed_data
2025-10-13 01:26:09,245 - INFO - Starting IWSLT dataset processing...
2025-10-13 01:26:09,245 - INFO - Processing train split...
2025-10-13 01:26:09,291 - INFO - Found 7990 audio files in train split
2025-10-13 01:32:17,137 - INFO - Processing dev split...
2025-10-13 01:32:17,201 - INFO - Found 2103 audio files in dev split
2025-10-13 01:33:43,341 - INFO - Processing test split...
2025-10-13 01:33:43,383 - INFO - Found 2164 audio files in test split
2025-10-13 01:35:15,832 - INFO - IWSLT processing complete. Manifest saved to processed_data\iwslt_16khz\iwslt_manifest.jsonl
2025-10-13 01:35:15,833 - INFO - Processed 12257 audio files
2025-10-13 01:35:15,836 - INFO - Statistics saved to processed_data\processing_stats.json
2025-10-13 01:38:07,506 - INFO - Audio Preprocessor initialized
2025-10-13 01:38:07,506 - INFO - Target sample rate: 16000 Hz
2025-10-13 01:38:07,506 - INFO - Output directory: processed_data
2025-10-13 01:38:07,506 - INFO - Starting Common Voice dataset processing...
2025-10-13 01:38:07,514 - INFO - Processing train split...
2025-10-13 01:38:07,540 - INFO - Found 2215 samples in train split
2025-10-13 01:39:50,373 - INFO - Processing validation split...
2025-10-13 01:39:50,421 - INFO - Found 1780 samples in validation split
2025-10-13 01:41:10,869 - INFO - Processing test split...
2025-10-13 01:41:10,897 - INFO - Found 1751 samples in test split
2025-10-13 01:42:28,702 - INFO - Common Voice processing complete. Manifest saved to processed_data\common_voice_16khz\common_voice_manifest.jsonl
2025-10-13 01:42:28,702 - INFO - Processed 5746 audio files
2025-10-13 01:42:28,702 - INFO - Statistics saved to processed_data\processing_stats.json
